2025/01/23 13:15:33 Node 0: Jackson
2025/01/23 13:15:33 Node 1: Freeman Artesian
2025/01/23 13:15:33 Node 2: City Water
2025/01/23 13:15:33 Node 3: River Water
2025/01/23 13:15:33 Node 4: Freeman Ranch
2025/01/23 13:15:33 Node 5: Print Shop
2025/01/23 13:15:33 Node 6: Grady Early
2025/01/23 13:15:33 Node 7: Boiler Plant
2025/01/23 13:15:33 Node 0: Utilities
2025/01/23 13:15:33 Node 1: Irrigation
2025/01/23 13:15:33 Node 2: Domestic
2025/01/23 13:15:33 Node 3: Unmetered
2025/01/23 13:15:33 Node 4: Spillage
2025/01/23 13:15:33 Flow 0: City Water-Irrigation-1703290.000000
2025/01/23 13:15:33 Flow 1: River Water-Irrigation-602220.000000
2025/01/23 13:15:33 Flow 2: Jackson-Unmetered-840660.040000
2025/01/23 13:15:33 Flow 3: Boiler Plant-Spillage-200.000000
2025/01/23 13:15:33 Flow 4: Print Shop-Spillage-310.000000
2025/01/23 13:15:33 Flow 5: Jackson-Irrigation-3415426.000000
2025/01/23 13:15:33 Flow 6: Jackson-Utilities-15906628.000000
2025/01/23 13:15:33 Flow 7: Freeman Ranch-Domestic-11970.000000
2025/01/23 13:15:33 Flow 8: Freeman Artesian-Irrigation-6716440.812000
2025/01/23 13:15:33 Flow 9: City Water-Domestic-244274.244000
2025/01/23 13:15:33 Flow 10: Grady Early-Spillage-200.000000
2025/01/23 13:15:33 Flow 11: Jackson-Domestic-10464285.960000
2025/01/23 13:15:33 <svg width="1000" height="800" xmlns="http://www.w3.org/2000/svg">
<path d="M 50,747 C 350,747 650,318 950,318 L 950,352 C 650,352 350,781 50,781 Z" fill="#5dbab4" fill-opacity="0.5" />
<path d="M 50,786 C 350,786 650,352 950,352 L 950,364 C 650,364 350,798 50,798 Z" fill="#62c4b4" fill-opacity="0.5" />
<path d="M 50,0 C 350,0 650,781 950,781 L 950,797 C 650,797 350,16 50,16 Z" fill="#0000b4" fill-opacity="0.5" />
<path d="M 50,798 C 350,798 650,797 950,797 L 950,797 C 650,797 350,798 50,798 Z" fill="#63c6b4" fill-opacity="0.5" />
<path d="M 50,798 C 350,798 650,797 950,797 L 950,797 C 650,797 350,798 50,798 Z" fill="#63c6b4" fill-opacity="0.5" />
<path d="M 50,16 C 350,16 650,364 950,364 L 950,432 C 650,432 350,84 50,84 Z" fill="#0204b4" fill-opacity="0.5" />
<path d="M 50,84 C 350,84 650,0 950,0 L 950,318 C 650,318 350,402 50,402 Z" fill="#0a14b4" fill-opacity="0.5" />
<path d="M 50,798 C 350,798 650,567 950,567 L 950,567 C 650,567 350,798 50,798 Z" fill="#63c6b4" fill-opacity="0.5" />
<path d="M 50,613 C 350,613 650,432 950,432 L 950,566 C 650,566 350,747 50,747 Z" fill="#4c98b4" fill-opacity="0.5" />
<path d="M 50,781 C 350,781 650,567 950,567 L 950,571 C 650,571 350,785 50,785 Z" fill="#61c2b4" fill-opacity="0.5" />
<path d="M 50,798 C 350,798 650,797 950,797 L 950,797 C 650,797 350,798 50,798 Z" fill="#63c6b4" fill-opacity="0.5" />
<path d="M 50,402 C 350,402 650,571 950,571 L 950,779 C 650,779 350,611 50,611 Z" fill="#3264b4" fill-opacity="0.5" />
<path d="M 0,0 L 0,613 L 50,613 L 50,0 Z" fill="#b40000" fill-opacity="1.0" stroke="black" />
<path d="M 0,613 L 0,747 L 50,747 L 50,613 Z" fill="#b4984c" fill-opacity="1.0" stroke="black" />
<path d="M 0,747 L 0,786 L 50,786 L 50,747 Z" fill="#b4ba5d" fill-opacity="1.0" stroke="black" />
<path d="M 0,786 L 0,798 L 50,798 L 50,786 Z" fill="#b4c462" fill-opacity="1.0" stroke="black" />
<path d="M 0,798 L 0,798 L 50,798 L 50,798 Z" fill="#b4c663" fill-opacity="1.0" stroke="black" />
<path d="M 0,798 L 0,798 L 50,798 L 50,798 Z" fill="#b4c663" fill-opacity="1.0" stroke="black" />
<path d="M 0,798 L 0,798 L 50,798 L 50,798 Z" fill="#b4c663" fill-opacity="1.0" stroke="black" />
<path d="M 0,798 L 0,798 L 50,798 L 50,798 Z" fill="#b4c663" fill-opacity="1.0" stroke="black" />
<path d="M 950,0 L 950,318 L 1000,318 L 1000,0 Z" fill="#b40000" fill-opacity="1.0" stroke="black" />
<path d="M 950,318 L 950,567 L 1000,567 L 1000,318 Z" fill="#b44e27" fill-opacity="1.0" stroke="black" />
<path d="M 950,567 L 950,781 L 1000,781 L 1000,567 Z" fill="#b48c46" fill-opacity="1.0" stroke="black" />
<path d="M 950,781 L 950,797 L 1000,797 L 1000,781 Z" fill="#b4c261" fill-opacity="1.0" stroke="black" />
<path d="M 950,797 L 950,797 L 1000,797 L 1000,797 Z" fill="#b4c663" fill-opacity="1.0" stroke="black" />
</svg>
2025/01/23 13:17:16 Node 0: Jackson
2025/01/23 13:17:16 Node 1: Freeman Artesian
2025/01/23 13:17:16 Node 2: City Water
2025/01/23 13:17:16 Node 3: River Water
2025/01/23 13:17:16 Node 4: Freeman Ranch
2025/01/23 13:17:16 Node 5: Print Shop
2025/01/23 13:17:16 Node 6: Boiler Plant
2025/01/23 13:17:16 Node 7: Grady Early
2025/01/23 13:17:16 Node 0: Utilities
2025/01/23 13:17:16 Node 1: Irrigation
2025/01/23 13:17:16 Node 2: Domestic
2025/01/23 13:17:16 Node 3: Unmetered
2025/01/23 13:17:16 Node 4: Spillage
2025/01/23 13:17:16 Flow 0: Jackson-Utilities-15906628.000000
2025/01/23 13:17:16 Flow 1: Freeman Artesian-Irrigation-6716440.812000
2025/01/23 13:17:16 Flow 2: City Water-Domestic-244274.244000
2025/01/23 13:17:16 Flow 3: Jackson-Unmetered-840660.040000
2025/01/23 13:17:16 Flow 4: Boiler Plant-Spillage-200.000000
2025/01/23 13:17:16 Flow 5: Print Shop-Spillage-310.000000
2025/01/23 13:17:16 Flow 6: City Water-Irrigation-1703290.000000
2025/01/23 13:17:16 Flow 7: Jackson-Irrigation-3415426.000000
2025/01/23 13:17:16 Flow 8: River Water-Irrigation-602220.000000
2025/01/23 13:17:16 Flow 9: Freeman Ranch-Domestic-11970.000000
2025/01/23 13:17:16 Flow 10: Grady Early-Spillage-200.000000
2025/01/23 13:17:16 Flow 11: Jackson-Domestic-10464285.960000
2025/01/23 13:17:16 <svg width="1000" height="800" xmlns="http://www.w3.org/2000/svg">
<path d="M 50,0 C 500,0 500,0 950,0 L 950,318 C 500,318 500,318 50,318 Z" fill="#0000b4" fill-opacity="0.5" />
<path d="M 50,613 C 500,613 500,318 950,318 L 950,452 C 500,452 500,747 50,747 Z" fill="#4c98b4" fill-opacity="0.5" />
<path d="M 50,747 C 500,747 500,567 950,567 L 950,571 C 500,571 500,751 50,751 Z" fill="#5dbab4" fill-opacity="0.5" />
<path d="M 50,318 C 500,318 500,781 950,781 L 950,797 C 500,797 500,334 50,334 Z" fill="#274eb4" fill-opacity="0.5" />
<path d="M 50,798 C 500,798 500,797 950,797 L 950,797 C 500,797 500,798 50,798 Z" fill="#63c6b4" fill-opacity="0.5" />
<path d="M 50,798 C 500,798 500,797 950,797 L 950,797 C 500,797 500,798 50,798 Z" fill="#63c6b4" fill-opacity="0.5" />
<path d="M 50,751 C 500,751 500,452 950,452 L 950,486 C 500,486 500,785 50,785 Z" fill="#5dbab4" fill-opacity="0.5" />
<path d="M 50,334 C 500,334 500,486 950,486 L 950,554 C 500,554 500,402 50,402 Z" fill="#2952b4" fill-opacity="0.5" />
<path d="M 50,786 C 500,786 500,554 950,554 L 950,566 C 500,566 500,798 50,798 Z" fill="#62c4b4" fill-opacity="0.5" />
<path d="M 50,798 C 500,798 500,571 950,571 L 950,571 C 500,571 500,798 50,798 Z" fill="#63c6b4" fill-opacity="0.5" />
<path d="M 50,798 C 500,798 500,797 950,797 L 950,797 C 500,797 500,798 50,798 Z" fill="#63c6b4" fill-opacity="0.5" />
<path d="M 50,402 C 500,402 500,571 950,571 L 950,779 C 500,779 500,611 50,611 Z" fill="#3264b4" fill-opacity="0.5" />
<path d="M 0,0 L 0,613 L 50,613 L 50,0 Z" fill="#b40000" fill-opacity="1.0" stroke="black" />
<path d="M 0,613 L 0,747 L 50,747 L 50,613 Z" fill="#b4984c" fill-opacity="1.0" stroke="black" />
<path d="M 0,747 L 0,786 L 50,786 L 50,747 Z" fill="#b4ba5d" fill-opacity="1.0" stroke="black" />
<path d="M 0,786 L 0,798 L 50,798 L 50,786 Z" fill="#b4c462" fill-opacity="1.0" stroke="black" />
<path d="M 0,798 L 0,798 L 50,798 L 50,798 Z" fill="#b4c663" fill-opacity="1.0" stroke="black" />
<path d="M 0,798 L 0,798 L 50,798 L 50,798 Z" fill="#b4c663" fill-opacity="1.0" stroke="black" />
<path d="M 0,798 L 0,798 L 50,798 L 50,798 Z" fill="#b4c663" fill-opacity="1.0" stroke="black" />
<path d="M 0,798 L 0,798 L 50,798 L 50,798 Z" fill="#b4c663" fill-opacity="1.0" stroke="black" />
<path d="M 950,0 L 950,318 L 1000,318 L 1000,0 Z" fill="#b40000" fill-opacity="1.0" stroke="black" />
<path d="M 950,318 L 950,567 L 1000,567 L 1000,318 Z" fill="#b44e27" fill-opacity="1.0" stroke="black" />
<path d="M 950,567 L 950,781 L 1000,781 L 1000,567 Z" fill="#b48c46" fill-opacity="1.0" stroke="black" />
<path d="M 950,781 L 950,797 L 1000,797 L 1000,781 Z" fill="#b4c261" fill-opacity="1.0" stroke="black" />
<path d="M 950,797 L 950,797 L 1000,797 L 1000,797 Z" fill="#b4c663" fill-opacity="1.0" stroke="black" />
</svg>
2025/01/23 13:19:37 Node 0: Jackson
2025/01/23 13:19:37 Node 1: Freeman Artesian
2025/01/23 13:19:37 Node 2: City Water
2025/01/23 13:19:37 Node 3: River Water
2025/01/23 13:19:37 Node 4: Freeman Ranch
2025/01/23 13:19:37 Node 5: Print Shop
2025/01/23 13:19:37 Node 6: Grady Early
2025/01/23 13:19:37 Node 7: Boiler Plant
2025/01/23 13:19:37 Node 0: Utilities
2025/01/23 13:19:37 Node 1: Irrigation
2025/01/23 13:19:37 Node 2: Domestic
2025/01/23 13:19:37 Node 3: Unmetered
2025/01/23 13:19:37 Node 4: Spillage
2025/01/23 13:19:37 Flow 0: Boiler Plant-Spillage-200.000000
2025/01/23 13:19:37 Flow 1: Grady Early-Spillage-200.000000
2025/01/23 13:19:37 Flow 2: Print Shop-Spillage-310.000000
2025/01/23 13:19:37 Flow 3: Jackson-Domestic-10464285.960000
2025/01/23 13:19:37 Flow 4: City Water-Irrigation-1703290.000000
2025/01/23 13:19:37 Flow 5: River Water-Irrigation-602220.000000
2025/01/23 13:19:37 Flow 6: City Water-Domestic-244274.244000
2025/01/23 13:19:37 Flow 7: Jackson-Unmetered-840660.040000
2025/01/23 13:19:37 Flow 8: Jackson-Irrigation-3415426.000000
2025/01/23 13:19:37 Flow 9: Jackson-Utilities-15906628.000000
2025/01/23 13:19:37 Flow 10: Freeman Ranch-Domestic-11970.000000
2025/01/23 13:19:37 Flow 11: Freeman Artesian-Irrigation-6716440.812000
2025/01/23 13:19:37 <svg width="1000" height="800" xmlns="http://www.w3.org/2000/svg">
<path d="M 50,798 C 500,798 500,797 950,797 L 950,797 C 500,797 500,798 50,798 Z" fill="#63c6b4" fill-opacity="0.5" />
<path d="M 50,798 C 500,798 500,797 950,797 L 950,797 C 500,797 500,798 50,798 Z" fill="#63c6b4" fill-opacity="0.5" />
<path d="M 50,798 C 500,798 500,797 950,797 L 950,797 C 500,797 500,798 50,798 Z" fill="#63c6b4" fill-opacity="0.5" />
<path d="M 50,0 C 500,0 500,567 950,567 L 950,775 C 500,775 500,209 50,209 Z" fill="#0000b4" fill-opacity="0.5" />
<path d="M 50,747 C 500,747 500,318 950,318 L 950,352 C 500,352 500,781 50,781 Z" fill="#5dbab4" fill-opacity="0.5" />
<path d="M 50,786 C 500,786 500,352 950,352 L 950,364 C 500,364 500,798 50,798 Z" fill="#62c4b4" fill-opacity="0.5" />
<path d="M 50,781 C 500,781 500,775 950,775 L 950,779 C 500,779 500,785 50,785 Z" fill="#61c2b4" fill-opacity="0.5" />
<path d="M 50,209 C 500,209 500,781 950,781 L 950,797 C 500,797 500,225 50,225 Z" fill="#1a34b4" fill-opacity="0.5" />
<path d="M 50,225 C 500,225 500,364 950,364 L 950,432 C 500,432 500,293 50,293 Z" fill="#1c38b4" fill-opacity="0.5" />
<path d="M 50,293 C 500,293 500,0 950,0 L 950,318 C 500,318 500,611 50,611 Z" fill="#2448b4" fill-opacity="0.5" />
<path d="M 50,798 C 500,798 500,779 950,779 L 950,779 C 500,779 500,798 50,798 Z" fill="#63c6b4" fill-opacity="0.5" />
<path d="M 50,613 C 500,613 500,432 950,432 L 950,566 C 500,566 500,747 50,747 Z" fill="#4c98b4" fill-opacity="0.5" />
<path d="M 0,0 L 0,613 L 50,613 L 50,0 Z" fill="#b40000" fill-opacity="1.0" stroke="black" />
<path d="M 0,613 L 0,747 L 50,747 L 50,613 Z" fill="#b4984c" fill-opacity="1.0" stroke="black" />
<path d="M 0,747 L 0,786 L 50,786 L 50,747 Z" fill="#b4ba5d" fill-opacity="1.0" stroke="black" />
<path d="M 0,786 L 0,798 L 50,798 L 50,786 Z" fill="#b4c462" fill-opacity="1.0" stroke="black" />
<path d="M 0,798 L 0,798 L 50,798 L 50,798 Z" fill="#b4c663" fill-opacity="1.0" stroke="black" />
<path d="M 0,798 L 0,798 L 50,798 L 50,798 Z" fill="#b4c663" fill-opacity="1.0" stroke="black" />
<path d="M 0,798 L 0,798 L 50,798 L 50,798 Z" fill="#b4c663" fill-opacity="1.0" stroke="black" />
<path d="M 0,798 L 0,798 L 50,798 L 50,798 Z" fill="#b4c663" fill-opacity="1.0" stroke="black" />
<path d="M 950,0 L 950,318 L 1000,318 L 1000,0 Z" fill="#b40000" fill-opacity="1.0" stroke="black" />
<path d="M 950,318 L 950,567 L 1000,567 L 1000,318 Z" fill="#b44e27" fill-opacity="1.0" stroke="black" />
<path d="M 950,567 L 950,781 L 1000,781 L 1000,567 Z" fill="#b48c46" fill-opacity="1.0" stroke="black" />
<path d="M 950,781 L 950,797 L 1000,797 L 1000,781 Z" fill="#b4c261" fill-opacity="1.0" stroke="black" />
<path d="M 950,797 L 950,797 L 1000,797 L 1000,797 Z" fill="#b4c663" fill-opacity="1.0" stroke="black" />
</svg>
2025/01/23 13:42:43 Node 0: Jackson
2025/01/23 13:42:43 Node 1: Freeman Artesian
2025/01/23 13:42:43 Node 2: City Water
2025/01/23 13:42:43 Node 3: River Water
2025/01/23 13:42:43 Node 4: Freeman Ranch
2025/01/23 13:42:43 Node 5: Print Shop
2025/01/23 13:42:43 Node 6: Grady Early
2025/01/23 13:42:43 Node 7: Boiler Plant
2025/01/23 13:42:43 Node 0: Utilities
2025/01/23 13:42:43 Node 1: Irrigation
2025/01/23 13:42:43 Node 2: Domestic
2025/01/23 13:42:43 Node 3: Unmetered
2025/01/23 13:42:43 Node 4: Spillage
2025/01/23 13:42:43 Flow 0: City Water-Irrigation-1703290.000000
2025/01/23 13:42:43 Flow 1: Jackson-Utilities-15906628.000000
2025/01/23 13:42:43 Flow 2: Freeman Ranch-Domestic-11970.000000
2025/01/23 13:42:43 Flow 3: Freeman Artesian-Irrigation-6716440.812000
2025/01/23 13:42:43 Flow 4: Jackson-Unmetered-840660.040000
2025/01/23 13:42:43 Flow 5: Boiler Plant-Spillage-200.000000
2025/01/23 13:42:43 Flow 6: Grady Early-Spillage-200.000000
2025/01/23 13:42:43 Flow 7: Print Shop-Spillage-310.000000
2025/01/23 13:42:43 Flow 8: Jackson-Domestic-10464285.960000
2025/01/23 13:42:43 Flow 9: Jackson-Irrigation-3415426.000000
2025/01/23 13:42:43 Flow 10: River Water-Irrigation-602220.000000
2025/01/23 13:42:43 Flow 11: City Water-Domestic-244274.244000
2025/01/23 13:42:43 <svg width="1000" height="800" xmlns="http://www.w3.org/2000/svg">
<path d="M 50,747 C 500,747 500,318 950,318 L 950,352 C 500,352 500,781 50,781 Z" fill="#5dbab4" fill-opacity="0.5" />
<path d="M 50,0 C 500,0 500,0 950,0 L 950,318 C 500,318 500,318 50,318 Z" fill="#0000b4" fill-opacity="0.5" />
<path d="M 50,798 C 500,798 500,567 950,567 L 950,567 C 500,567 500,798 50,798 Z" fill="#63c6b4" fill-opacity="0.5" />
<path d="M 50,613 C 500,613 500,352 950,352 L 950,486 C 500,486 500,747 50,747 Z" fill="#4c98b4" fill-opacity="0.5" />
<path d="M 50,318 C 500,318 500,781 950,781 L 950,797 C 500,797 500,334 50,334 Z" fill="#274eb4" fill-opacity="0.5" />
<path d="M 50,798 C 500,798 500,797 950,797 L 950,797 C 500,797 500,798 50,798 Z" fill="#63c6b4" fill-opacity="0.5" />
<path d="M 50,798 C 500,798 500,797 950,797 L 950,797 C 500,797 500,798 50,798 Z" fill="#63c6b4" fill-opacity="0.5" />
<path d="M 50,798 C 500,798 500,797 950,797 L 950,797 C 500,797 500,798 50,798 Z" fill="#63c6b4" fill-opacity="0.5" />
<path d="M 50,334 C 500,334 500,567 950,567 L 950,775 C 500,775 500,543 50,543 Z" fill="#2952b4" fill-opacity="0.5" />
<path d="M 50,543 C 500,543 500,486 950,486 L 950,554 C 500,554 500,611 50,611 Z" fill="#4386b4" fill-opacity="0.5" />
<path d="M 50,786 C 500,786 500,554 950,554 L 950,566 C 500,566 500,798 50,798 Z" fill="#62c4b4" fill-opacity="0.5" />
<path d="M 50,781 C 500,781 500,775 950,775 L 950,779 C 500,779 500,785 50,785 Z" fill="#61c2b4" fill-opacity="0.5" />
<path d="M 0,0 L 0,613 L 50,613 L 50,0 Z" fill="#b40000" fill-opacity="1.0" stroke="black" />
<path d="M 0,613 L 0,747 L 50,747 L 50,613 Z" fill="#b44c98" fill-opacity="1.0" stroke="black" />
<path d="M 0,747 L 0,786 L 50,786 L 50,747 Z" fill="#b45dba" fill-opacity="1.0" stroke="black" />
<path d="M 0,786 L 0,798 L 50,798 L 50,786 Z" fill="#b462c4" fill-opacity="1.0" stroke="black" />
<path d="M 0,798 L 0,798 L 50,798 L 50,798 Z" fill="#b463c6" fill-opacity="1.0" stroke="black" />
<path d="M 0,798 L 0,798 L 50,798 L 50,798 Z" fill="#b463c6" fill-opacity="1.0" stroke="black" />
<path d="M 0,798 L 0,798 L 50,798 L 50,798 Z" fill="#b463c6" fill-opacity="1.0" stroke="black" />
<path d="M 0,798 L 0,798 L 50,798 L 50,798 Z" fill="#b463c6" fill-opacity="1.0" stroke="black" />
<path d="M 950,0 L 950,318 L 1000,318 L 1000,0 Z" fill="#b40000" fill-opacity="1.0" stroke="black" />
<path d="M 950,318 L 950,567 L 1000,567 L 1000,318 Z" fill="#b4274e" fill-opacity="1.0" stroke="black" />
<path d="M 950,567 L 950,781 L 1000,781 L 1000,567 Z" fill="#b4468c" fill-opacity="1.0" stroke="black" />
<path d="M 950,781 L 950,797 L 1000,797 L 1000,781 Z" fill="#b461c2" fill-opacity="1.0" stroke="black" />
<path d="M 950,797 L 950,797 L 1000,797 L 1000,797 Z" fill="#b463c6" fill-opacity="1.0" stroke="black" />
</svg>
2025/01/23 13:43:58 Node 0: Jackson
2025/01/23 13:43:58 Node 1: Freeman Artesian
2025/01/23 13:43:58 Node 2: City Water
2025/01/23 13:43:58 Node 3: River Water
2025/01/23 13:43:58 Node 4: Freeman Ranch
2025/01/23 13:43:58 Node 5: Print Shop
2025/01/23 13:43:58 Node 6: Boiler Plant
2025/01/23 13:43:58 Node 7: Grady Early
2025/01/23 13:43:58 Node 0: Utilities
2025/01/23 13:43:58 Node 1: Irrigation
2025/01/23 13:43:58 Node 2: Domestic
2025/01/23 13:43:58 Node 3: Unmetered
2025/01/23 13:43:58 Node 4: Spillage
2025/01/23 13:43:58 Flow 0: Jackson-Domestic-10464285.960000
2025/01/23 13:43:58 Flow 1: City Water-Irrigation-1703290.000000
2025/01/23 13:43:58 Flow 2: Freeman Artesian-Irrigation-6716440.812000
2025/01/23 13:43:58 Flow 3: City Water-Domestic-244274.244000
2025/01/23 13:43:58 Flow 4: Jackson-Unmetered-840660.040000
2025/01/23 13:43:58 Flow 5: Boiler Plant-Spillage-200.000000
2025/01/23 13:43:58 Flow 6: Jackson-Irrigation-3415426.000000
2025/01/23 13:43:58 Flow 7: River Water-Irrigation-602220.000000
2025/01/23 13:43:58 Flow 8: Jackson-Utilities-15906628.000000
2025/01/23 13:43:58 Flow 9: Freeman Ranch-Domestic-11970.000000
2025/01/23 13:43:58 Flow 10: Grady Early-Spillage-200.000000
2025/01/23 13:43:58 Flow 11: Print Shop-Spillage-310.000000
2025/01/23 13:43:58 <svg width="1000" height="800" xmlns="http://www.w3.org/2000/svg">
<path d="M 50,0 C 500,0 500,567 950,567 L 950,775 C 500,775 500,209 50,209 Z" fill="#0000b4" fill-opacity="0.5" />
<path d="M 50,747 C 500,747 500,318 950,318 L 950,352 C 500,352 500,781 50,781 Z" fill="#5dbab4" fill-opacity="0.5" />
<path d="M 50,613 C 500,613 500,352 950,352 L 950,486 C 500,486 500,747 50,747 Z" fill="#4c98b4" fill-opacity="0.5" />
<path d="M 50,781 C 500,781 500,775 950,775 L 950,779 C 500,779 500,785 50,785 Z" fill="#61c2b4" fill-opacity="0.5" />
<path d="M 50,209 C 500,209 500,781 950,781 L 950,797 C 500,797 500,225 50,225 Z" fill="#1a34b4" fill-opacity="0.5" />
<path d="M 50,798 C 500,798 500,797 950,797 L 950,797 C 500,797 500,798 50,798 Z" fill="#63c6b4" fill-opacity="0.5" />
<path d="M 50,225 C 500,225 500,486 950,486 L 950,554 C 500,554 500,293 50,293 Z" fill="#1c38b4" fill-opacity="0.5" />
<path d="M 50,786 C 500,786 500,554 950,554 L 950,566 C 500,566 500,798 50,798 Z" fill="#62c4b4" fill-opacity="0.5" />
<path d="M 50,293 C 500,293 500,0 950,0 L 950,318 C 500,318 500,611 50,611 Z" fill="#2448b4" fill-opacity="0.5" />
<path d="M 50,798 C 500,798 500,779 950,779 L 950,779 C 500,779 500,798 50,798 Z" fill="#63c6b4" fill-opacity="0.5" />
<path d="M 50,798 C 500,798 500,797 950,797 L 950,797 C 500,797 500,798 50,798 Z" fill="#63c6b4" fill-opacity="0.5" />
<path d="M 50,798 C 500,798 500,797 950,797 L 950,797 C 500,797 500,798 50,798 Z" fill="#63c6b4" fill-opacity="0.5" />
<path d="M 0,0 L 0,613 L 50,613 L 50,0 Z" fill="#000078" fill-opacity="1.0" stroke="black" />
<path d="M 0,613 L 0,747 L 50,747 L 50,613 Z" fill="#4c9878" fill-opacity="1.0" stroke="black" />
<path d="M 0,747 L 0,786 L 50,786 L 50,747 Z" fill="#5dba78" fill-opacity="1.0" stroke="black" />
<path d="M 0,786 L 0,798 L 50,798 L 50,786 Z" fill="#62c478" fill-opacity="1.0" stroke="black" />
<path d="M 0,798 L 0,798 L 50,798 L 50,798 Z" fill="#63c678" fill-opacity="1.0" stroke="black" />
<path d="M 0,798 L 0,798 L 50,798 L 50,798 Z" fill="#63c678" fill-opacity="1.0" stroke="black" />
<path d="M 0,798 L 0,798 L 50,798 L 50,798 Z" fill="#63c678" fill-opacity="1.0" stroke="black" />
<path d="M 0,798 L 0,798 L 50,798 L 50,798 Z" fill="#63c678" fill-opacity="1.0" stroke="black" />
<path d="M 950,0 L 950,318 L 1000,318 L 1000,0 Z" fill="#000078" fill-opacity="1.0" stroke="black" />
<path d="M 950,318 L 950,567 L 1000,567 L 1000,318 Z" fill="#274e78" fill-opacity="1.0" stroke="black" />
<path d="M 950,567 L 950,781 L 1000,781 L 1000,567 Z" fill="#468c78" fill-opacity="1.0" stroke="black" />
<path d="M 950,781 L 950,797 L 1000,797 L 1000,781 Z" fill="#61c278" fill-opacity="1.0" stroke="black" />
<path d="M 950,797 L 950,797 L 1000,797 L 1000,797 Z" fill="#63c678" fill-opacity="1.0" stroke="black" />
</svg>
2025/01/23 13:44:59 <svg width="1000" height="800" xmlns="http://www.w3.org/2000/svg">
<path d="M 50,0 C 500,0 500,567 950,567 L 950,775 C 500,775 500,209 50,209 Z" fill="#0000b4" fill-opacity="0.5" />
<path d="M 50,209 C 500,209 500,318 950,318 L 950,386 C 500,386 500,277 50,277 Z" fill="#1a34b4" fill-opacity="0.5" />
<path d="M 50,747 C 500,747 500,386 950,386 L 950,420 C 500,420 500,781 50,781 Z" fill="#5dbab4" fill-opacity="0.5" />
<path d="M 50,613 C 500,613 500,420 950,420 L 950,554 C 500,554 500,747 50,747 Z" fill="#4c98b4" fill-opacity="0.5" />
<path d="M 50,798 C 500,798 500,797 950,797 L 950,797 C 500,797 500,798 50,798 Z" fill="#63c6b4" fill-opacity="0.5" />
<path d="M 50,798 C 500,798 500,797 950,797 L 950,797 C 500,797 500,798 50,798 Z" fill="#63c6b4" fill-opacity="0.5" />
<path d="M 50,786 C 500,786 500,554 950,554 L 950,566 C 500,566 500,798 50,798 Z" fill="#62c4b4" fill-opacity="0.5" />
<path d="M 50,277 C 500,277 500,0 950,0 L 950,318 C 500,318 500,595 50,595 Z" fill="#2244b4" fill-opacity="0.5" />
<path d="M 50,798 C 500,798 500,775 950,775 L 950,775 C 500,775 500,798 50,798 Z" fill="#63c6b4" fill-opacity="0.5" />
<path d="M 50,781 C 500,781 500,775 950,775 L 950,779 C 500,779 500,785 50,785 Z" fill="#61c2b4" fill-opacity="0.5" />
<path d="M 50,595 C 500,595 500,781 950,781 L 950,797 C 500,797 500,611 50,611 Z" fill="#4a94b4" fill-opacity="0.5" />
<path d="M 50,798 C 500,798 500,797 950,797 L 950,797 C 500,797 500,798 50,798 Z" fill="#63c6b4" fill-opacity="0.5" />
<path d="M 0,0 L 0,613 L 50,613 L 50,0 Z" fill="#000078" fill-opacity="1.0" />
<path d="M 0,613 L 0,747 L 50,747 L 50,613 Z" fill="#4c9878" fill-opacity="1.0" />
<path d="M 0,747 L 0,786 L 50,786 L 50,747 Z" fill="#5dba78" fill-opacity="1.0" />
<path d="M 0,786 L 0,798 L 50,798 L 50,786 Z" fill="#62c478" fill-opacity="1.0" />
<path d="M 0,798 L 0,798 L 50,798 L 50,798 Z" fill="#63c678" fill-opacity="1.0" />
<path d="M 0,798 L 0,798 L 50,798 L 50,798 Z" fill="#63c678" fill-opacity="1.0" />
<path d="M 0,798 L 0,798 L 50,798 L 50,798 Z" fill="#63c678" fill-opacity="1.0" />
<path d="M 0,798 L 0,798 L 50,798 L 50,798 Z" fill="#63c678" fill-opacity="1.0" />
<path d="M 950,0 L 950,318 L 1000,318 L 1000,0 Z" fill="#000078" fill-opacity="1.0" />
<path d="M 950,318 L 950,567 L 1000,567 L 1000,318 Z" fill="#274e78" fill-opacity="1.0" />
<path d="M 950,567 L 950,781 L 1000,781 L 1000,567 Z" fill="#468c78" fill-opacity="1.0" />
<path d="M 950,781 L 950,797 L 1000,797 L 1000,781 Z" fill="#61c278" fill-opacity="1.0" />
<path d="M 950,797 L 950,797 L 1000,797 L 1000,797 Z" fill="#63c678" fill-opacity="1.0" />
</svg>
